<?xml version="1.0" encoding="UTF-8"?>
<!-- Generated by org.testng.reporters.JUnitReportReporter -->
<testsuite hostname="DESKTOP-V2ALGIJ" failures="0" tests="3" name="blaze_testcases.LoginTestCase" time="3.755" errors="0" timestamp="2024-08-18T17:36:41 IST" skipped="0">
  <testcase classname="blaze_testcases.LoginTestCase" name="verifylogin" time="1.061"/>
  <system-out/>
  <testcase classname="blaze_testcases.LoginTestCase" name="verifylogin" time="1.517"/>
  <system-out/>
  <testcase classname="blaze_testcases.LoginTestCase" name="verifylogin" time="1.177"/>
  <system-out/>
</testsuite> <!-- blaze_testcases.LoginTestCase -->
