<?xml version="1.0" encoding="UTF-8"?>
<!-- Generated by org.testng.reporters.JUnitReportReporter -->
<testsuite hostname="DESKTOP-V2ALGIJ" failures="0" tests="1" name="blaze_testcases.AdToCartTestCase" time="22.585" errors="0" timestamp="2024-08-18T17:36:41 IST" skipped="0">
  <testcase classname="blaze_testcases.AdToCartTestCase" name="addtoCartverify1" time="22.585"/>
  <system-out/>
</testsuite> <!-- blaze_testcases.AdToCartTestCase -->
